22:18:06.466 [main] INFO  testCases.TC_002_Login - Chrome is Launched
22:18:06.506 [main] INFO  testCases.TC_002_Login - Login test Started
22:18:07.610 [main] INFO  testCases.TC_002_Login - Home Page Displayed
22:18:08.339 [main] INFO  testCases.TC_002_Login - Myaccount options are displayed
22:18:08.418 [main] FATAL testCases.TC_002_Login - Login Failed
22:18:10.485 [main] INFO  testCases.TC_003_LoginDDT - Chrome is Launched
22:18:12.365 [main] INFO  testCases.TC_003_LoginDDT -  Starting TC_003_LoginDDT 
22:18:13.766 [main] INFO  testCases.TC_003_LoginDDT - Home Page Displayed 
22:18:14.536 [main] INFO  testCases.TC_003_LoginDDT - Clicked on My Account 
22:18:14.575 [main] FATAL testCases.TC_003_LoginDDT - Login Failed 
22:18:14.587 [main] INFO  testCases.TC_003_LoginDDT -  Starting TC_003_LoginDDT 
22:18:15.110 [main] INFO  testCases.TC_003_LoginDDT - Home Page Displayed 
22:18:15.190 [main] INFO  testCases.TC_003_LoginDDT - Clicked on My Account 
22:18:15.205 [main] FATAL testCases.TC_003_LoginDDT - Login Failed 
22:18:15.209 [main] INFO  testCases.TC_003_LoginDDT -  Starting TC_003_LoginDDT 
22:18:15.712 [main] INFO  testCases.TC_003_LoginDDT - Home Page Displayed 
22:18:15.801 [main] INFO  testCases.TC_003_LoginDDT - Clicked on My Account 
22:18:15.823 [main] FATAL testCases.TC_003_LoginDDT - Login Failed 
22:18:15.829 [main] INFO  testCases.TC_003_LoginDDT -  Starting TC_003_LoginDDT 
22:18:16.375 [main] INFO  testCases.TC_003_LoginDDT - Home Page Displayed 
22:18:16.471 [main] INFO  testCases.TC_003_LoginDDT - Clicked on My Account 
22:18:16.493 [main] FATAL testCases.TC_003_LoginDDT - Login Failed 
22:18:18.250 [AsyncHttpClient-1-3] DEBUG io.netty.buffer.PoolThreadCache - Freed 2 thread-local buffer(s) from thread: AsyncHttpClient-1-3
22:18:18.250 [AsyncHttpClient-1-7] DEBUG io.netty.buffer.PoolThreadCache - Freed 3 thread-local buffer(s) from thread: AsyncHttpClient-1-7
22:18:18.250 [AsyncHttpClient-1-4] DEBUG io.netty.buffer.PoolThreadCache - Freed 3 thread-local buffer(s) from thread: AsyncHttpClient-1-4
22:22:18.074 [main] DEBUG io.netty.util.internal.logging.InternalLoggerFactory - Using Log4J2 as the default logging framework
22:22:18.089 [main] DEBUG io.netty.util.ResourceLeakDetector - -Dio.netty.leakDetection.level: simple
22:22:18.089 [main] DEBUG io.netty.util.ResourceLeakDetector - -Dio.netty.leakDetection.targetRecords: 4
22:22:18.096 [main] DEBUG io.netty.util.ResourceLeakDetectorFactory - Loaded default ResourceLeakDetector: io.netty.util.ResourceLeakDetector@20b5f2ac
22:22:18.126 [main] DEBUG io.netty.util.internal.PlatformDependent - Platform: Windows
22:22:18.129 [main] DEBUG io.netty.util.internal.PlatformDependent0 - -Dio.netty.noUnsafe: false
22:22:18.130 [main] DEBUG io.netty.util.internal.PlatformDependent0 - Java version: 8
22:22:18.132 [main] DEBUG io.netty.util.internal.PlatformDependent0 - sun.misc.Unsafe.theUnsafe: available
22:22:18.133 [main] DEBUG io.netty.util.internal.PlatformDependent0 - sun.misc.Unsafe.copyMemory: available
22:22:18.134 [main] DEBUG io.netty.util.internal.PlatformDependent0 - java.nio.Buffer.address: available
22:22:18.134 [main] DEBUG io.netty.util.internal.PlatformDependent0 - direct buffer constructor: available
22:22:18.136 [main] DEBUG io.netty.util.internal.PlatformDependent0 - java.nio.Bits.unaligned: available, true
22:22:18.136 [main] DEBUG io.netty.util.internal.PlatformDependent0 - jdk.internal.misc.Unsafe.allocateUninitializedArray(int): unavailable prior to Java9
22:22:18.136 [main] DEBUG io.netty.util.internal.PlatformDependent0 - java.nio.DirectByteBuffer.<init>(long, int): available
22:22:18.136 [main] DEBUG io.netty.util.internal.PlatformDependent - sun.misc.Unsafe: available
22:22:18.137 [main] DEBUG io.netty.util.internal.PlatformDependent - -Dio.netty.tmpdir: C:\Users\Shiva\AppData\Local\Temp (java.io.tmpdir)
22:22:18.138 [main] DEBUG io.netty.util.internal.PlatformDependent - -Dio.netty.bitMode: 64 (sun.arch.data.model)
22:22:18.139 [main] DEBUG io.netty.util.internal.PlatformDependent - -Dio.netty.maxDirectMemory: 1875378176 bytes
22:22:18.139 [main] DEBUG io.netty.util.internal.PlatformDependent - -Dio.netty.uninitializedArrayAllocationThreshold: -1
22:22:18.141 [main] DEBUG io.netty.util.internal.CleanerJava6 - java.nio.ByteBuffer.cleaner(): available
22:22:18.141 [main] DEBUG io.netty.util.internal.PlatformDependent - -Dio.netty.noPreferDirect: false
22:22:18.157 [main] DEBUG io.netty.util.internal.PlatformDependent - org.jctools-core.MpscChunkedArrayQueue: available
22:22:18.191 [main] DEBUG io.netty.util.internal.InternalThreadLocalMap - -Dio.netty.threadLocalMap.stringBuilder.initialSize: 1024
22:22:18.191 [main] DEBUG io.netty.util.internal.InternalThreadLocalMap - -Dio.netty.threadLocalMap.stringBuilder.maxSize: 4096
22:22:18.237 [main] DEBUG io.netty.handler.ssl.JdkSslContext - Default protocols (JDK): [TLSv1.2, TLSv1.1, TLSv1] 
22:22:18.238 [main] DEBUG io.netty.handler.ssl.JdkSslContext - Default cipher suites (JDK): [TLS_ECDHE_ECDSA_WITH_AES_256_GCM_SHA384, TLS_ECDHE_ECDSA_WITH_AES_128_GCM_SHA256, TLS_ECDHE_RSA_WITH_AES_128_GCM_SHA256, TLS_ECDHE_RSA_WITH_AES_256_GCM_SHA384, TLS_ECDHE_RSA_WITH_AES_128_CBC_SHA, TLS_ECDHE_RSA_WITH_AES_256_CBC_SHA, TLS_RSA_WITH_AES_128_GCM_SHA256, TLS_RSA_WITH_AES_128_CBC_SHA, TLS_RSA_WITH_AES_256_CBC_SHA]
22:22:18.278 [main] DEBUG io.netty.channel.MultithreadEventLoopGroup - -Dio.netty.eventLoopThreads: 16
22:22:18.291 [main] DEBUG io.netty.channel.nio.NioEventLoop - -Dio.netty.noKeySetOptimization: false
22:22:18.291 [main] DEBUG io.netty.channel.nio.NioEventLoop - -Dio.netty.selectorAutoRebuildThreshold: 512
22:22:18.306 [main] TRACE io.netty.channel.nio.NioEventLoop - instrumented a special java.util.Set into: sun.nio.ch.WindowsSelectorImpl@24f360b2
22:22:18.308 [main] TRACE io.netty.channel.nio.NioEventLoop - instrumented a special java.util.Set into: sun.nio.ch.WindowsSelectorImpl@770d0ea6
22:22:18.311 [main] TRACE io.netty.channel.nio.NioEventLoop - instrumented a special java.util.Set into: sun.nio.ch.WindowsSelectorImpl@48c40605
22:22:18.312 [main] TRACE io.netty.channel.nio.NioEventLoop - instrumented a special java.util.Set into: sun.nio.ch.WindowsSelectorImpl@54107f42
22:22:18.314 [main] TRACE io.netty.channel.nio.NioEventLoop - instrumented a special java.util.Set into: sun.nio.ch.WindowsSelectorImpl@1b11ef33
22:22:18.315 [main] TRACE io.netty.channel.nio.NioEventLoop - instrumented a special java.util.Set into: sun.nio.ch.WindowsSelectorImpl@476aac9
22:22:18.317 [main] TRACE io.netty.channel.nio.NioEventLoop - instrumented a special java.util.Set into: sun.nio.ch.WindowsSelectorImpl@6cea706c
22:22:18.319 [main] TRACE io.netty.channel.nio.NioEventLoop - instrumented a special java.util.Set into: sun.nio.ch.WindowsSelectorImpl@3bd7f8dc
22:22:18.321 [main] TRACE io.netty.channel.nio.NioEventLoop - instrumented a special java.util.Set into: sun.nio.ch.WindowsSelectorImpl@2f2bf0e2
22:22:18.323 [main] TRACE io.netty.channel.nio.NioEventLoop - instrumented a special java.util.Set into: sun.nio.ch.WindowsSelectorImpl@1eba372c
22:22:18.324 [main] TRACE io.netty.channel.nio.NioEventLoop - instrumented a special java.util.Set into: sun.nio.ch.WindowsSelectorImpl@21ec5d87
22:22:18.327 [main] TRACE io.netty.channel.nio.NioEventLoop - instrumented a special java.util.Set into: sun.nio.ch.WindowsSelectorImpl@25f9407e
22:22:18.328 [main] TRACE io.netty.channel.nio.NioEventLoop - instrumented a special java.util.Set into: sun.nio.ch.WindowsSelectorImpl@552518c3
22:22:18.330 [main] TRACE io.netty.channel.nio.NioEventLoop - instrumented a special java.util.Set into: sun.nio.ch.WindowsSelectorImpl@1a69561c
22:22:18.332 [main] TRACE io.netty.channel.nio.NioEventLoop - instrumented a special java.util.Set into: sun.nio.ch.WindowsSelectorImpl@59aa20b3
22:22:18.334 [main] TRACE io.netty.channel.nio.NioEventLoop - instrumented a special java.util.Set into: sun.nio.ch.WindowsSelectorImpl@363f6148
22:22:18.373 [main] DEBUG io.netty.buffer.PooledByteBufAllocator - -Dio.netty.allocator.numHeapArenas: 16
22:22:18.373 [main] DEBUG io.netty.buffer.PooledByteBufAllocator - -Dio.netty.allocator.numDirectArenas: 16
22:22:18.373 [main] DEBUG io.netty.buffer.PooledByteBufAllocator - -Dio.netty.allocator.pageSize: 8192
22:22:18.373 [main] DEBUG io.netty.buffer.PooledByteBufAllocator - -Dio.netty.allocator.maxOrder: 11
22:22:18.373 [main] DEBUG io.netty.buffer.PooledByteBufAllocator - -Dio.netty.allocator.chunkSize: 16777216
22:22:18.374 [main] DEBUG io.netty.buffer.PooledByteBufAllocator - -Dio.netty.allocator.smallCacheSize: 256
22:22:18.374 [main] DEBUG io.netty.buffer.PooledByteBufAllocator - -Dio.netty.allocator.normalCacheSize: 64
22:22:18.374 [main] DEBUG io.netty.buffer.PooledByteBufAllocator - -Dio.netty.allocator.maxCachedBufferCapacity: 32768
22:22:18.374 [main] DEBUG io.netty.buffer.PooledByteBufAllocator - -Dio.netty.allocator.cacheTrimInterval: 8192
22:22:18.374 [main] DEBUG io.netty.buffer.PooledByteBufAllocator - -Dio.netty.allocator.cacheTrimIntervalMillis: 0
22:22:18.374 [main] DEBUG io.netty.buffer.PooledByteBufAllocator - -Dio.netty.allocator.useCacheForAllThreads: true
22:22:18.374 [main] DEBUG io.netty.buffer.PooledByteBufAllocator - -Dio.netty.allocator.maxCachedByteBuffersPerChunk: 1023
22:22:18.392 [main] DEBUG io.netty.buffer.ByteBufUtil - -Dio.netty.allocator.type: pooled
22:22:18.392 [main] DEBUG io.netty.buffer.ByteBufUtil - -Dio.netty.threadLocalDirectBufferSize: 0
22:22:18.392 [main] DEBUG io.netty.buffer.ByteBufUtil - -Dio.netty.maxThreadLocalCharBufferSize: 16384
22:22:19.399 [Forwarding newSession on session null to remote] DEBUG io.netty.channel.DefaultChannelId - -Dio.netty.processId: 55868 (auto-detected)
22:22:19.403 [Forwarding newSession on session null to remote] DEBUG io.netty.util.NetUtil - -Djava.net.preferIPv4Stack: false
22:22:19.403 [Forwarding newSession on session null to remote] DEBUG io.netty.util.NetUtil - -Djava.net.preferIPv6Addresses: false
22:22:19.720 [Forwarding newSession on session null to remote] DEBUG io.netty.util.NetUtilInitializations - Loopback interface: lo (Software Loopback Interface 1, 127.0.0.1)
22:22:19.722 [Forwarding newSession on session null to remote] DEBUG io.netty.util.NetUtil - Failed to get SOMAXCONN from sysctl and file \proc\sys\net\core\somaxconn. Default: 200
22:22:20.057 [Forwarding newSession on session null to remote] DEBUG io.netty.channel.DefaultChannelId - -Dio.netty.machineId: d4:25:8b:ff:fe:f5:70:c1 (auto-detected)
22:22:20.159 [AsyncHttpClient-1-2] DEBUG io.netty.buffer.AbstractByteBuf - -Dio.netty.buffer.checkAccessible: true
22:22:20.160 [AsyncHttpClient-1-2] DEBUG io.netty.buffer.AbstractByteBuf - -Dio.netty.buffer.checkBounds: true
22:22:20.160 [AsyncHttpClient-1-2] DEBUG io.netty.util.ResourceLeakDetectorFactory - Loaded default ResourceLeakDetector: io.netty.util.ResourceLeakDetector@3b2f82be
22:22:20.202 [AsyncHttpClient-1-2] DEBUG io.netty.util.Recycler - -Dio.netty.recycler.maxCapacityPerThread: 4096
22:22:20.202 [AsyncHttpClient-1-2] DEBUG io.netty.util.Recycler - -Dio.netty.recycler.maxSharedCapacityFactor: 2
22:22:20.202 [AsyncHttpClient-1-2] DEBUG io.netty.util.Recycler - -Dio.netty.recycler.linkCapacity: 16
22:22:20.202 [AsyncHttpClient-1-2] DEBUG io.netty.util.Recycler - -Dio.netty.recycler.ratio: 8
22:22:20.202 [AsyncHttpClient-1-2] DEBUG io.netty.util.Recycler - -Dio.netty.recycler.delayedQueue.ratio: 8
22:22:21.384 [main] DEBUG io.netty.util.internal.ThreadLocalRandom - -Dio.netty.initialSeedUniquifier: 0x697ddbb40d3733cc
22:22:21.442 [main] INFO  testCases.TC_001_AccountRegistration - Chrome is Launched
22:22:21.479 [main] INFO  testCases.TC_001_AccountRegistration - Starting of TC_001
22:22:22.751 [main] INFO  testCases.TC_001_AccountRegistration - HomePage is displayed
22:22:33.383 [main] INFO  testCases.TC_001_AccountRegistration - Clicked on My account
22:22:34.309 [main] INFO  testCases.TC_001_AccountRegistration - Clicked On Register
22:22:34.441 [main] INFO  testCases.TC_001_AccountRegistration - Provided First Name
22:22:34.554 [main] INFO  testCases.TC_001_AccountRegistration - Provided Last Name
22:22:34.703 [main] INFO  testCases.TC_001_AccountRegistration - provided email
22:22:34.810 [main] INFO  testCases.TC_001_AccountRegistration - Provd Mobile number
22:22:34.921 [main] INFO  testCases.TC_001_AccountRegistration - Provided Password
22:22:35.028 [main] INFO  testCases.TC_001_AccountRegistration - Provided Confirmation of pwd
22:22:35.114 [main] INFO  testCases.TC_001_AccountRegistration - Checked Set Privacy
22:22:36.239 [main] INFO  testCases.TC_001_AccountRegistration - Clicked on Continue Button
22:22:36.299 [main] INFO  testCases.TC_001_AccountRegistration - Account Registration Passed
22:22:36.303 [main] INFO  testCases.TC_001_AccountRegistration - TC_001_AccountRegistration Completed
22:22:38.720 [main] INFO  testCases.TC_002_Login - Chrome is Launched
22:22:38.732 [main] INFO  testCases.TC_002_Login - Login test Started
22:22:39.914 [main] INFO  testCases.TC_002_Login - Home Page Displayed
22:22:40.771 [main] INFO  testCases.TC_002_Login - Myaccount options are displayed
22:22:40.822 [main] FATAL testCases.TC_002_Login - Login Failed
22:22:42.843 [main] INFO  testCases.TC_003_LoginDDT - Chrome is Launched
22:22:44.700 [main] INFO  testCases.TC_003_LoginDDT -  Starting TC_003_LoginDDT 
22:22:45.774 [main] INFO  testCases.TC_003_LoginDDT - Home Page Displayed 
22:22:46.636 [main] INFO  testCases.TC_003_LoginDDT - Clicked on My Account 
22:22:46.680 [main] FATAL testCases.TC_003_LoginDDT - Login Failed 
22:22:46.688 [main] INFO  testCases.TC_003_LoginDDT -  Starting TC_003_LoginDDT 
22:22:47.156 [main] INFO  testCases.TC_003_LoginDDT - Home Page Displayed 
22:22:47.231 [main] INFO  testCases.TC_003_LoginDDT - Clicked on My Account 
22:22:47.252 [main] FATAL testCases.TC_003_LoginDDT - Login Failed 
22:22:47.258 [main] INFO  testCases.TC_003_LoginDDT -  Starting TC_003_LoginDDT 
22:22:48.001 [main] INFO  testCases.TC_003_LoginDDT - Home Page Displayed 
22:22:48.089 [main] INFO  testCases.TC_003_LoginDDT - Clicked on My Account 
22:22:48.111 [main] FATAL testCases.TC_003_LoginDDT - Login Failed 
22:22:48.116 [main] INFO  testCases.TC_003_LoginDDT -  Starting TC_003_LoginDDT 
22:22:48.705 [main] INFO  testCases.TC_003_LoginDDT - Home Page Displayed 
22:22:48.781 [main] INFO  testCases.TC_003_LoginDDT - Clicked on My Account 
22:22:48.797 [main] FATAL testCases.TC_003_LoginDDT - Login Failed 
22:22:50.545 [AsyncHttpClient-1-4] DEBUG io.netty.buffer.PoolThreadCache - Freed 3 thread-local buffer(s) from thread: AsyncHttpClient-1-4
22:22:50.545 [AsyncHttpClient-1-7] DEBUG io.netty.buffer.PoolThreadCache - Freed 3 thread-local buffer(s) from thread: AsyncHttpClient-1-7
22:22:50.545 [AsyncHttpClient-1-6] DEBUG io.netty.buffer.PoolThreadCache - Freed 2 thread-local buffer(s) from thread: AsyncHttpClient-1-6
22:22:50.545 [AsyncHttpClient-1-3] DEBUG io.netty.buffer.PoolThreadCache - Freed 2 thread-local buffer(s) from thread: AsyncHttpClient-1-3
22:26:45.593 [main] DEBUG io.netty.util.internal.logging.InternalLoggerFactory - Using Log4J2 as the default logging framework
22:26:45.614 [main] DEBUG io.netty.util.ResourceLeakDetector - -Dio.netty.leakDetection.level: simple
22:26:45.615 [main] DEBUG io.netty.util.ResourceLeakDetector - -Dio.netty.leakDetection.targetRecords: 4
22:26:45.623 [main] DEBUG io.netty.util.ResourceLeakDetectorFactory - Loaded default ResourceLeakDetector: io.netty.util.ResourceLeakDetector@20b5f2ac
22:26:45.659 [main] DEBUG io.netty.util.internal.PlatformDependent - Platform: Windows
22:26:45.663 [main] DEBUG io.netty.util.internal.PlatformDependent0 - -Dio.netty.noUnsafe: false
22:26:45.663 [main] DEBUG io.netty.util.internal.PlatformDependent0 - Java version: 8
22:26:45.665 [main] DEBUG io.netty.util.internal.PlatformDependent0 - sun.misc.Unsafe.theUnsafe: available
22:26:45.666 [main] DEBUG io.netty.util.internal.PlatformDependent0 - sun.misc.Unsafe.copyMemory: available
22:26:45.667 [main] DEBUG io.netty.util.internal.PlatformDependent0 - java.nio.Buffer.address: available
22:26:45.668 [main] DEBUG io.netty.util.internal.PlatformDependent0 - direct buffer constructor: available
22:26:45.669 [main] DEBUG io.netty.util.internal.PlatformDependent0 - java.nio.Bits.unaligned: available, true
22:26:45.669 [main] DEBUG io.netty.util.internal.PlatformDependent0 - jdk.internal.misc.Unsafe.allocateUninitializedArray(int): unavailable prior to Java9
22:26:45.669 [main] DEBUG io.netty.util.internal.PlatformDependent0 - java.nio.DirectByteBuffer.<init>(long, int): available
22:26:45.669 [main] DEBUG io.netty.util.internal.PlatformDependent - sun.misc.Unsafe: available
22:26:45.671 [main] DEBUG io.netty.util.internal.PlatformDependent - -Dio.netty.tmpdir: C:\Users\Shiva\AppData\Local\Temp (java.io.tmpdir)
22:26:45.671 [main] DEBUG io.netty.util.internal.PlatformDependent - -Dio.netty.bitMode: 64 (sun.arch.data.model)
22:26:45.672 [main] DEBUG io.netty.util.internal.PlatformDependent - -Dio.netty.maxDirectMemory: 1875378176 bytes
22:26:45.672 [main] DEBUG io.netty.util.internal.PlatformDependent - -Dio.netty.uninitializedArrayAllocationThreshold: -1
22:26:45.674 [main] DEBUG io.netty.util.internal.CleanerJava6 - java.nio.ByteBuffer.cleaner(): available
22:26:45.674 [main] DEBUG io.netty.util.internal.PlatformDependent - -Dio.netty.noPreferDirect: false
22:26:45.693 [main] DEBUG io.netty.util.internal.PlatformDependent - org.jctools-core.MpscChunkedArrayQueue: available
22:26:45.731 [main] DEBUG io.netty.util.internal.InternalThreadLocalMap - -Dio.netty.threadLocalMap.stringBuilder.initialSize: 1024
22:26:45.731 [main] DEBUG io.netty.util.internal.InternalThreadLocalMap - -Dio.netty.threadLocalMap.stringBuilder.maxSize: 4096
22:26:45.797 [main] DEBUG io.netty.handler.ssl.JdkSslContext - Default protocols (JDK): [TLSv1.2, TLSv1.1, TLSv1] 
22:26:45.797 [main] DEBUG io.netty.handler.ssl.JdkSslContext - Default cipher suites (JDK): [TLS_ECDHE_ECDSA_WITH_AES_256_GCM_SHA384, TLS_ECDHE_ECDSA_WITH_AES_128_GCM_SHA256, TLS_ECDHE_RSA_WITH_AES_128_GCM_SHA256, TLS_ECDHE_RSA_WITH_AES_256_GCM_SHA384, TLS_ECDHE_RSA_WITH_AES_128_CBC_SHA, TLS_ECDHE_RSA_WITH_AES_256_CBC_SHA, TLS_RSA_WITH_AES_128_GCM_SHA256, TLS_RSA_WITH_AES_128_CBC_SHA, TLS_RSA_WITH_AES_256_CBC_SHA]
22:26:45.854 [main] DEBUG io.netty.channel.MultithreadEventLoopGroup - -Dio.netty.eventLoopThreads: 16
22:26:45.871 [main] DEBUG io.netty.channel.nio.NioEventLoop - -Dio.netty.noKeySetOptimization: false
22:26:45.871 [main] DEBUG io.netty.channel.nio.NioEventLoop - -Dio.netty.selectorAutoRebuildThreshold: 512
22:26:45.892 [main] TRACE io.netty.channel.nio.NioEventLoop - instrumented a special java.util.Set into: sun.nio.ch.WindowsSelectorImpl@54709809
22:26:45.895 [main] TRACE io.netty.channel.nio.NioEventLoop - instrumented a special java.util.Set into: sun.nio.ch.WindowsSelectorImpl@60cf80e7
22:26:45.897 [main] TRACE io.netty.channel.nio.NioEventLoop - instrumented a special java.util.Set into: sun.nio.ch.WindowsSelectorImpl@302fec27
22:26:45.900 [main] TRACE io.netty.channel.nio.NioEventLoop - instrumented a special java.util.Set into: sun.nio.ch.WindowsSelectorImpl@770d0ea6
22:26:45.902 [main] TRACE io.netty.channel.nio.NioEventLoop - instrumented a special java.util.Set into: sun.nio.ch.WindowsSelectorImpl@48c40605
22:26:45.904 [main] TRACE io.netty.channel.nio.NioEventLoop - instrumented a special java.util.Set into: sun.nio.ch.WindowsSelectorImpl@54107f42
22:26:45.906 [main] TRACE io.netty.channel.nio.NioEventLoop - instrumented a special java.util.Set into: sun.nio.ch.WindowsSelectorImpl@1b11ef33
22:26:45.909 [main] TRACE io.netty.channel.nio.NioEventLoop - instrumented a special java.util.Set into: sun.nio.ch.WindowsSelectorImpl@476aac9
22:26:45.912 [main] TRACE io.netty.channel.nio.NioEventLoop - instrumented a special java.util.Set into: sun.nio.ch.WindowsSelectorImpl@6cea706c
22:26:45.913 [main] TRACE io.netty.channel.nio.NioEventLoop - instrumented a special java.util.Set into: sun.nio.ch.WindowsSelectorImpl@3bd7f8dc
22:26:45.915 [main] TRACE io.netty.channel.nio.NioEventLoop - instrumented a special java.util.Set into: sun.nio.ch.WindowsSelectorImpl@2f2bf0e2
22:26:45.918 [main] TRACE io.netty.channel.nio.NioEventLoop - instrumented a special java.util.Set into: sun.nio.ch.WindowsSelectorImpl@1eba372c
22:26:45.920 [main] TRACE io.netty.channel.nio.NioEventLoop - instrumented a special java.util.Set into: sun.nio.ch.WindowsSelectorImpl@21ec5d87
22:26:45.921 [main] TRACE io.netty.channel.nio.NioEventLoop - instrumented a special java.util.Set into: sun.nio.ch.WindowsSelectorImpl@25f9407e
22:26:45.923 [main] TRACE io.netty.channel.nio.NioEventLoop - instrumented a special java.util.Set into: sun.nio.ch.WindowsSelectorImpl@552518c3
22:26:45.926 [main] TRACE io.netty.channel.nio.NioEventLoop - instrumented a special java.util.Set into: sun.nio.ch.WindowsSelectorImpl@1a69561c
22:26:45.970 [main] DEBUG io.netty.buffer.PooledByteBufAllocator - -Dio.netty.allocator.numHeapArenas: 16
22:26:45.970 [main] DEBUG io.netty.buffer.PooledByteBufAllocator - -Dio.netty.allocator.numDirectArenas: 16
22:26:45.970 [main] DEBUG io.netty.buffer.PooledByteBufAllocator - -Dio.netty.allocator.pageSize: 8192
22:26:45.970 [main] DEBUG io.netty.buffer.PooledByteBufAllocator - -Dio.netty.allocator.maxOrder: 11
22:26:45.970 [main] DEBUG io.netty.buffer.PooledByteBufAllocator - -Dio.netty.allocator.chunkSize: 16777216
22:26:45.970 [main] DEBUG io.netty.buffer.PooledByteBufAllocator - -Dio.netty.allocator.smallCacheSize: 256
22:26:45.970 [main] DEBUG io.netty.buffer.PooledByteBufAllocator - -Dio.netty.allocator.normalCacheSize: 64
22:26:45.970 [main] DEBUG io.netty.buffer.PooledByteBufAllocator - -Dio.netty.allocator.maxCachedBufferCapacity: 32768
22:26:45.971 [main] DEBUG io.netty.buffer.PooledByteBufAllocator - -Dio.netty.allocator.cacheTrimInterval: 8192
22:26:45.971 [main] DEBUG io.netty.buffer.PooledByteBufAllocator - -Dio.netty.allocator.cacheTrimIntervalMillis: 0
22:26:45.971 [main] DEBUG io.netty.buffer.PooledByteBufAllocator - -Dio.netty.allocator.useCacheForAllThreads: true
22:26:45.971 [main] DEBUG io.netty.buffer.PooledByteBufAllocator - -Dio.netty.allocator.maxCachedByteBuffersPerChunk: 1023
22:26:45.987 [main] DEBUG io.netty.buffer.ByteBufUtil - -Dio.netty.allocator.type: pooled
22:26:45.987 [main] DEBUG io.netty.buffer.ByteBufUtil - -Dio.netty.threadLocalDirectBufferSize: 0
22:26:45.987 [main] DEBUG io.netty.buffer.ByteBufUtil - -Dio.netty.maxThreadLocalCharBufferSize: 16384
22:26:47.066 [Forwarding newSession on session null to remote] DEBUG io.netty.channel.DefaultChannelId - -Dio.netty.processId: 84804 (auto-detected)
22:26:47.069 [Forwarding newSession on session null to remote] DEBUG io.netty.util.NetUtil - -Djava.net.preferIPv4Stack: false
22:26:47.069 [Forwarding newSession on session null to remote] DEBUG io.netty.util.NetUtil - -Djava.net.preferIPv6Addresses: false
22:26:47.395 [Forwarding newSession on session null to remote] DEBUG io.netty.util.NetUtilInitializations - Loopback interface: lo (Software Loopback Interface 1, 127.0.0.1)
22:26:47.397 [Forwarding newSession on session null to remote] DEBUG io.netty.util.NetUtil - Failed to get SOMAXCONN from sysctl and file \proc\sys\net\core\somaxconn. Default: 200
22:26:47.758 [Forwarding newSession on session null to remote] DEBUG io.netty.channel.DefaultChannelId - -Dio.netty.machineId: d4:25:8b:ff:fe:f5:70:c1 (auto-detected)
22:26:47.867 [AsyncHttpClient-1-2] DEBUG io.netty.buffer.AbstractByteBuf - -Dio.netty.buffer.checkAccessible: true
22:26:47.867 [AsyncHttpClient-1-2] DEBUG io.netty.buffer.AbstractByteBuf - -Dio.netty.buffer.checkBounds: true
22:26:47.867 [AsyncHttpClient-1-2] DEBUG io.netty.util.ResourceLeakDetectorFactory - Loaded default ResourceLeakDetector: io.netty.util.ResourceLeakDetector@7d93cfbe
22:26:47.923 [AsyncHttpClient-1-2] DEBUG io.netty.util.Recycler - -Dio.netty.recycler.maxCapacityPerThread: 4096
22:26:47.923 [AsyncHttpClient-1-2] DEBUG io.netty.util.Recycler - -Dio.netty.recycler.maxSharedCapacityFactor: 2
22:26:47.923 [AsyncHttpClient-1-2] DEBUG io.netty.util.Recycler - -Dio.netty.recycler.linkCapacity: 16
22:26:47.923 [AsyncHttpClient-1-2] DEBUG io.netty.util.Recycler - -Dio.netty.recycler.ratio: 8
22:26:47.923 [AsyncHttpClient-1-2] DEBUG io.netty.util.Recycler - -Dio.netty.recycler.delayedQueue.ratio: 8
22:26:49.205 [main] DEBUG io.netty.util.internal.ThreadLocalRandom - -Dio.netty.initialSeedUniquifier: 0x9d75dd5465d25cfa
22:26:49.261 [main] INFO  testCases.TC_001_AccountRegistration - Chrome is Launched
22:26:49.294 [main] INFO  testCases.TC_001_AccountRegistration - Starting of TC_001
22:26:51.171 [main] INFO  testCases.TC_001_AccountRegistration - HomePage is displayed
22:26:51.939 [main] INFO  testCases.TC_001_AccountRegistration - Clicked on My account
22:26:52.661 [main] INFO  testCases.TC_001_AccountRegistration - Clicked On Register
22:26:52.814 [main] INFO  testCases.TC_001_AccountRegistration - Provided First Name
22:26:52.965 [main] INFO  testCases.TC_001_AccountRegistration - Provided Last Name
22:26:53.105 [main] INFO  testCases.TC_001_AccountRegistration - provided email
22:26:53.206 [main] INFO  testCases.TC_001_AccountRegistration - Provd Mobile number
22:26:53.343 [main] INFO  testCases.TC_001_AccountRegistration - Provided Password
22:26:53.453 [main] INFO  testCases.TC_001_AccountRegistration - Provided Confirmation of pwd
22:26:53.533 [main] INFO  testCases.TC_001_AccountRegistration - Checked Set Privacy
22:26:54.832 [main] INFO  testCases.TC_001_AccountRegistration - Clicked on Continue Button
22:26:54.887 [main] INFO  testCases.TC_001_AccountRegistration - Account Registration Passed
22:26:54.891 [main] INFO  testCases.TC_001_AccountRegistration - TC_001_AccountRegistration Completed
22:26:56.904 [main] INFO  testCases.TC_002_Login - Chrome is Launched
22:26:56.916 [main] INFO  testCases.TC_002_Login - Login test Started
22:26:57.932 [main] INFO  testCases.TC_002_Login - Home Page Displayed
22:26:58.821 [main] INFO  testCases.TC_002_Login - Myaccount options are displayed
22:26:58.881 [main] FATAL testCases.TC_002_Login - Login Failed
22:27:00.960 [main] INFO  testCases.TC_003_LoginDDT - Chrome is Launched
22:27:02.559 [main] INFO  testCases.TC_003_LoginDDT -  Starting TC_003_LoginDDT 
22:27:03.562 [main] INFO  testCases.TC_003_LoginDDT - Home Page Displayed 
22:27:04.318 [main] INFO  testCases.TC_003_LoginDDT - Clicked on My Account 
22:27:04.365 [main] FATAL testCases.TC_003_LoginDDT - Login Failed 
22:27:04.372 [main] INFO  testCases.TC_003_LoginDDT -  Starting TC_003_LoginDDT 
22:27:04.823 [main] INFO  testCases.TC_003_LoginDDT - Home Page Displayed 
22:27:05.011 [main] INFO  testCases.TC_003_LoginDDT - Clicked on My Account 
22:27:05.045 [main] FATAL testCases.TC_003_LoginDDT - Login Failed 
22:27:05.053 [main] INFO  testCases.TC_003_LoginDDT -  Starting TC_003_LoginDDT 
22:27:05.633 [main] INFO  testCases.TC_003_LoginDDT - Home Page Displayed 
22:27:05.756 [main] INFO  testCases.TC_003_LoginDDT - Clicked on My Account 
22:27:05.780 [main] FATAL testCases.TC_003_LoginDDT - Login Failed 
22:27:05.786 [main] INFO  testCases.TC_003_LoginDDT -  Starting TC_003_LoginDDT 
22:27:06.417 [main] INFO  testCases.TC_003_LoginDDT - Home Page Displayed 
22:27:06.508 [main] INFO  testCases.TC_003_LoginDDT - Clicked on My Account 
22:27:06.533 [main] FATAL testCases.TC_003_LoginDDT - Login Failed 
22:27:08.015 [AsyncHttpClient-1-4] DEBUG io.netty.buffer.PoolThreadCache - Freed 3 thread-local buffer(s) from thread: AsyncHttpClient-1-4
22:27:08.016 [AsyncHttpClient-1-3] DEBUG io.netty.buffer.PoolThreadCache - Freed 2 thread-local buffer(s) from thread: AsyncHttpClient-1-3
22:27:08.017 [AsyncHttpClient-1-6] DEBUG io.netty.buffer.PoolThreadCache - Freed 2 thread-local buffer(s) from thread: AsyncHttpClient-1-6
22:27:08.017 [AsyncHttpClient-1-7] DEBUG io.netty.buffer.PoolThreadCache - Freed 3 thread-local buffer(s) from thread: AsyncHttpClient-1-7
22:32:38.980 [main] DEBUG io.netty.util.internal.logging.InternalLoggerFactory - Using Log4J2 as the default logging framework
22:32:39.001 [main] DEBUG io.netty.util.ResourceLeakDetector - -Dio.netty.leakDetection.level: simple
22:32:39.001 [main] DEBUG io.netty.util.ResourceLeakDetector - -Dio.netty.leakDetection.targetRecords: 4
22:32:39.011 [main] DEBUG io.netty.util.ResourceLeakDetectorFactory - Loaded default ResourceLeakDetector: io.netty.util.ResourceLeakDetector@20b5f2ac
22:32:39.051 [main] DEBUG io.netty.util.internal.PlatformDependent - Platform: Windows
22:32:39.056 [main] DEBUG io.netty.util.internal.PlatformDependent0 - -Dio.netty.noUnsafe: false
22:32:39.056 [main] DEBUG io.netty.util.internal.PlatformDependent0 - Java version: 8
22:32:39.057 [main] DEBUG io.netty.util.internal.PlatformDependent0 - sun.misc.Unsafe.theUnsafe: available
22:32:39.058 [main] DEBUG io.netty.util.internal.PlatformDependent0 - sun.misc.Unsafe.copyMemory: available
22:32:39.059 [main] DEBUG io.netty.util.internal.PlatformDependent0 - java.nio.Buffer.address: available
22:32:39.060 [main] DEBUG io.netty.util.internal.PlatformDependent0 - direct buffer constructor: available
22:32:39.061 [main] DEBUG io.netty.util.internal.PlatformDependent0 - java.nio.Bits.unaligned: available, true
22:32:39.061 [main] DEBUG io.netty.util.internal.PlatformDependent0 - jdk.internal.misc.Unsafe.allocateUninitializedArray(int): unavailable prior to Java9
22:32:39.061 [main] DEBUG io.netty.util.internal.PlatformDependent0 - java.nio.DirectByteBuffer.<init>(long, int): available
22:32:39.061 [main] DEBUG io.netty.util.internal.PlatformDependent - sun.misc.Unsafe: available
22:32:39.062 [main] DEBUG io.netty.util.internal.PlatformDependent - -Dio.netty.tmpdir: C:\Users\Shiva\AppData\Local\Temp (java.io.tmpdir)
22:32:39.063 [main] DEBUG io.netty.util.internal.PlatformDependent - -Dio.netty.bitMode: 64 (sun.arch.data.model)
22:32:39.064 [main] DEBUG io.netty.util.internal.PlatformDependent - -Dio.netty.maxDirectMemory: 1875378176 bytes
22:32:39.064 [main] DEBUG io.netty.util.internal.PlatformDependent - -Dio.netty.uninitializedArrayAllocationThreshold: -1
22:32:39.066 [main] DEBUG io.netty.util.internal.CleanerJava6 - java.nio.ByteBuffer.cleaner(): available
22:32:39.066 [main] DEBUG io.netty.util.internal.PlatformDependent - -Dio.netty.noPreferDirect: false
22:32:39.080 [main] DEBUG io.netty.util.internal.PlatformDependent - org.jctools-core.MpscChunkedArrayQueue: available
22:32:39.116 [main] DEBUG io.netty.util.internal.InternalThreadLocalMap - -Dio.netty.threadLocalMap.stringBuilder.initialSize: 1024
22:32:39.116 [main] DEBUG io.netty.util.internal.InternalThreadLocalMap - -Dio.netty.threadLocalMap.stringBuilder.maxSize: 4096
22:32:39.189 [main] DEBUG io.netty.handler.ssl.JdkSslContext - Default protocols (JDK): [TLSv1.2, TLSv1.1, TLSv1] 
22:32:39.189 [main] DEBUG io.netty.handler.ssl.JdkSslContext - Default cipher suites (JDK): [TLS_ECDHE_ECDSA_WITH_AES_256_GCM_SHA384, TLS_ECDHE_ECDSA_WITH_AES_128_GCM_SHA256, TLS_ECDHE_RSA_WITH_AES_128_GCM_SHA256, TLS_ECDHE_RSA_WITH_AES_256_GCM_SHA384, TLS_ECDHE_RSA_WITH_AES_128_CBC_SHA, TLS_ECDHE_RSA_WITH_AES_256_CBC_SHA, TLS_RSA_WITH_AES_128_GCM_SHA256, TLS_RSA_WITH_AES_128_CBC_SHA, TLS_RSA_WITH_AES_256_CBC_SHA]
22:32:39.263 [main] DEBUG io.netty.channel.MultithreadEventLoopGroup - -Dio.netty.eventLoopThreads: 16
22:32:39.288 [main] DEBUG io.netty.channel.nio.NioEventLoop - -Dio.netty.noKeySetOptimization: false
22:32:39.288 [main] DEBUG io.netty.channel.nio.NioEventLoop - -Dio.netty.selectorAutoRebuildThreshold: 512
22:32:39.311 [main] TRACE io.netty.channel.nio.NioEventLoop - instrumented a special java.util.Set into: sun.nio.ch.WindowsSelectorImpl@54709809
22:32:39.314 [main] TRACE io.netty.channel.nio.NioEventLoop - instrumented a special java.util.Set into: sun.nio.ch.WindowsSelectorImpl@60cf80e7
22:32:39.316 [main] TRACE io.netty.channel.nio.NioEventLoop - instrumented a special java.util.Set into: sun.nio.ch.WindowsSelectorImpl@302fec27
22:32:39.318 [main] TRACE io.netty.channel.nio.NioEventLoop - instrumented a special java.util.Set into: sun.nio.ch.WindowsSelectorImpl@770d0ea6
22:32:39.321 [main] TRACE io.netty.channel.nio.NioEventLoop - instrumented a special java.util.Set into: sun.nio.ch.WindowsSelectorImpl@48c40605
22:32:39.323 [main] TRACE io.netty.channel.nio.NioEventLoop - instrumented a special java.util.Set into: sun.nio.ch.WindowsSelectorImpl@54107f42
22:32:39.325 [main] TRACE io.netty.channel.nio.NioEventLoop - instrumented a special java.util.Set into: sun.nio.ch.WindowsSelectorImpl@1b11ef33
22:32:39.328 [main] TRACE io.netty.channel.nio.NioEventLoop - instrumented a special java.util.Set into: sun.nio.ch.WindowsSelectorImpl@476aac9
22:32:39.330 [main] TRACE io.netty.channel.nio.NioEventLoop - instrumented a special java.util.Set into: sun.nio.ch.WindowsSelectorImpl@6cea706c
22:32:39.332 [main] TRACE io.netty.channel.nio.NioEventLoop - instrumented a special java.util.Set into: sun.nio.ch.WindowsSelectorImpl@3bd7f8dc
22:32:39.335 [main] TRACE io.netty.channel.nio.NioEventLoop - instrumented a special java.util.Set into: sun.nio.ch.WindowsSelectorImpl@2f2bf0e2
22:32:39.337 [main] TRACE io.netty.channel.nio.NioEventLoop - instrumented a special java.util.Set into: sun.nio.ch.WindowsSelectorImpl@1eba372c
22:32:39.339 [main] TRACE io.netty.channel.nio.NioEventLoop - instrumented a special java.util.Set into: sun.nio.ch.WindowsSelectorImpl@21ec5d87
22:32:39.341 [main] TRACE io.netty.channel.nio.NioEventLoop - instrumented a special java.util.Set into: sun.nio.ch.WindowsSelectorImpl@25f9407e
22:32:39.343 [main] TRACE io.netty.channel.nio.NioEventLoop - instrumented a special java.util.Set into: sun.nio.ch.WindowsSelectorImpl@552518c3
22:32:39.344 [main] TRACE io.netty.channel.nio.NioEventLoop - instrumented a special java.util.Set into: sun.nio.ch.WindowsSelectorImpl@1a69561c
22:32:39.388 [main] DEBUG io.netty.buffer.PooledByteBufAllocator - -Dio.netty.allocator.numHeapArenas: 16
22:32:39.388 [main] DEBUG io.netty.buffer.PooledByteBufAllocator - -Dio.netty.allocator.numDirectArenas: 16
22:32:39.388 [main] DEBUG io.netty.buffer.PooledByteBufAllocator - -Dio.netty.allocator.pageSize: 8192
22:32:39.388 [main] DEBUG io.netty.buffer.PooledByteBufAllocator - -Dio.netty.allocator.maxOrder: 11
22:32:39.388 [main] DEBUG io.netty.buffer.PooledByteBufAllocator - -Dio.netty.allocator.chunkSize: 16777216
22:32:39.388 [main] DEBUG io.netty.buffer.PooledByteBufAllocator - -Dio.netty.allocator.smallCacheSize: 256
22:32:39.388 [main] DEBUG io.netty.buffer.PooledByteBufAllocator - -Dio.netty.allocator.normalCacheSize: 64
22:32:39.388 [main] DEBUG io.netty.buffer.PooledByteBufAllocator - -Dio.netty.allocator.maxCachedBufferCapacity: 32768
22:32:39.388 [main] DEBUG io.netty.buffer.PooledByteBufAllocator - -Dio.netty.allocator.cacheTrimInterval: 8192
22:32:39.389 [main] DEBUG io.netty.buffer.PooledByteBufAllocator - -Dio.netty.allocator.cacheTrimIntervalMillis: 0
22:32:39.389 [main] DEBUG io.netty.buffer.PooledByteBufAllocator - -Dio.netty.allocator.useCacheForAllThreads: true
22:32:39.389 [main] DEBUG io.netty.buffer.PooledByteBufAllocator - -Dio.netty.allocator.maxCachedByteBuffersPerChunk: 1023
22:32:39.411 [main] DEBUG io.netty.buffer.ByteBufUtil - -Dio.netty.allocator.type: pooled
22:32:39.411 [main] DEBUG io.netty.buffer.ByteBufUtil - -Dio.netty.threadLocalDirectBufferSize: 0
22:32:39.411 [main] DEBUG io.netty.buffer.ByteBufUtil - -Dio.netty.maxThreadLocalCharBufferSize: 16384
22:32:40.529 [Forwarding newSession on session null to remote] DEBUG io.netty.channel.DefaultChannelId - -Dio.netty.processId: 100368 (auto-detected)
22:32:40.533 [Forwarding newSession on session null to remote] DEBUG io.netty.util.NetUtil - -Djava.net.preferIPv4Stack: false
22:32:40.533 [Forwarding newSession on session null to remote] DEBUG io.netty.util.NetUtil - -Djava.net.preferIPv6Addresses: false
22:32:40.855 [Forwarding newSession on session null to remote] DEBUG io.netty.util.NetUtilInitializations - Loopback interface: lo (Software Loopback Interface 1, 127.0.0.1)
22:32:40.857 [Forwarding newSession on session null to remote] DEBUG io.netty.util.NetUtil - Failed to get SOMAXCONN from sysctl and file \proc\sys\net\core\somaxconn. Default: 200
22:32:41.212 [Forwarding newSession on session null to remote] DEBUG io.netty.channel.DefaultChannelId - -Dio.netty.machineId: d4:25:8b:ff:fe:f5:70:c1 (auto-detected)
22:32:41.327 [AsyncHttpClient-1-2] DEBUG io.netty.buffer.AbstractByteBuf - -Dio.netty.buffer.checkAccessible: true
22:32:41.328 [AsyncHttpClient-1-2] DEBUG io.netty.buffer.AbstractByteBuf - -Dio.netty.buffer.checkBounds: true
22:32:41.328 [AsyncHttpClient-1-2] DEBUG io.netty.util.ResourceLeakDetectorFactory - Loaded default ResourceLeakDetector: io.netty.util.ResourceLeakDetector@492a52c
22:32:41.389 [AsyncHttpClient-1-2] DEBUG io.netty.util.Recycler - -Dio.netty.recycler.maxCapacityPerThread: 4096
22:32:41.389 [AsyncHttpClient-1-2] DEBUG io.netty.util.Recycler - -Dio.netty.recycler.maxSharedCapacityFactor: 2
22:32:41.389 [AsyncHttpClient-1-2] DEBUG io.netty.util.Recycler - -Dio.netty.recycler.linkCapacity: 16
22:32:41.389 [AsyncHttpClient-1-2] DEBUG io.netty.util.Recycler - -Dio.netty.recycler.ratio: 8
22:32:41.389 [AsyncHttpClient-1-2] DEBUG io.netty.util.Recycler - -Dio.netty.recycler.delayedQueue.ratio: 8
22:32:43.053 [main] DEBUG io.netty.util.internal.ThreadLocalRandom - -Dio.netty.initialSeedUniquifier: 0x5614c538b0d007dc
22:32:43.166 [main] INFO  testCases.TC_001_AccountRegistration - Chrome is Launched
22:32:43.229 [main] INFO  testCases.TC_001_AccountRegistration - Starting of TC_001
22:32:44.320 [main] INFO  testCases.TC_001_AccountRegistration - HomePage is displayed
22:32:45.164 [main] INFO  testCases.TC_001_AccountRegistration - Clicked on My account
22:32:45.856 [main] INFO  testCases.TC_001_AccountRegistration - Clicked On Register
22:32:46.079 [main] INFO  testCases.TC_001_AccountRegistration - Provided First Name
22:32:46.232 [main] INFO  testCases.TC_001_AccountRegistration - Provided Last Name
22:32:46.365 [main] INFO  testCases.TC_001_AccountRegistration - provided email
22:32:46.498 [main] INFO  testCases.TC_001_AccountRegistration - Provd Mobile number
22:32:46.635 [main] INFO  testCases.TC_001_AccountRegistration - Provided Password
22:32:46.790 [main] INFO  testCases.TC_001_AccountRegistration - Provided Confirmation of pwd
22:32:46.904 [main] INFO  testCases.TC_001_AccountRegistration - Checked Set Privacy
22:32:47.975 [main] INFO  testCases.TC_001_AccountRegistration - Clicked on Continue Button
22:32:48.049 [main] INFO  testCases.TC_001_AccountRegistration - Account Registration Passed
22:32:48.059 [main] INFO  testCases.TC_001_AccountRegistration - TC_001_AccountRegistration Completed
22:32:50.494 [main] INFO  testCases.TC_002_Login - Chrome is Launched
22:32:50.505 [main] INFO  testCases.TC_002_Login - Login test Started
22:32:51.671 [main] INFO  testCases.TC_002_Login - Home Page Displayed
22:32:52.398 [main] INFO  testCases.TC_002_Login - Myaccount options are displayed
22:32:52.915 [main] INFO  testCases.TC_002_Login - Login Page has been displayed
22:32:53.078 [main] INFO  testCases.TC_002_Login - Provided Email
22:32:53.211 [main] INFO  testCases.TC_002_Login - provided Password
22:32:54.251 [main] INFO  testCases.TC_002_Login - Login Button clicked
22:32:54.364 [main] INFO  testCases.TC_002_Login - Login Successful
22:32:54.369 [main] INFO  testCases.TC_002_Login - TC--002 Completed
22:32:57.134 [main] INFO  testCases.TC_003_LoginDDT - Chrome is Launched
22:32:59.613 [main] INFO  testCases.TC_003_LoginDDT -  Starting TC_003_LoginDDT 
22:33:01.802 [main] INFO  testCases.TC_003_LoginDDT - Home Page Displayed 
22:33:02.596 [main] INFO  testCases.TC_003_LoginDDT - Clicked on My Account 
22:33:03.413 [main] INFO  testCases.TC_003_LoginDDT - Clicked on Login 
22:33:03.642 [main] INFO  testCases.TC_003_LoginDDT - Provided Email 
22:33:03.774 [main] INFO  testCases.TC_003_LoginDDT - Provided Password 
22:33:04.821 [main] INFO  testCases.TC_003_LoginDDT - Clicked on Login
22:33:04.905 [main] INFO  testCases.TC_003_LoginDDT - Login Success 
22:33:05.668 [main] INFO  testCases.TC_003_LoginDDT -  Finished TC_003_LoginDDT 
22:33:05.675 [main] INFO  testCases.TC_003_LoginDDT -  Starting TC_003_LoginDDT 
22:33:06.203 [main] INFO  testCases.TC_003_LoginDDT - Home Page Displayed 
22:33:06.307 [main] INFO  testCases.TC_003_LoginDDT - Clicked on My Account 
22:33:06.898 [main] INFO  testCases.TC_003_LoginDDT - Clicked on Login 
22:33:07.038 [main] INFO  testCases.TC_003_LoginDDT - Provided Email 
22:33:07.159 [main] INFO  testCases.TC_003_LoginDDT - Provided Password 
22:33:07.907 [main] INFO  testCases.TC_003_LoginDDT - Clicked on Login
22:33:19.675 [main] ERROR testCases.TC_003_LoginDDT - Login Failed 
22:33:19.675 [main] INFO  testCases.TC_003_LoginDDT -  Finished TC_003_LoginDDT 
22:33:19.687 [main] INFO  testCases.TC_003_LoginDDT -  Starting TC_003_LoginDDT 
22:33:19.731 [main] FATAL testCases.TC_003_LoginDDT - Login Failed 
22:33:19.752 [main] INFO  testCases.TC_003_LoginDDT -  Starting TC_003_LoginDDT 
22:33:19.763 [main] FATAL testCases.TC_003_LoginDDT - Login Failed 
22:33:25.662 [AsyncHttpClient-1-3] DEBUG io.netty.buffer.PoolThreadCache - Freed 2 thread-local buffer(s) from thread: AsyncHttpClient-1-3
22:33:25.662 [AsyncHttpClient-1-7] DEBUG io.netty.buffer.PoolThreadCache - Freed 3 thread-local buffer(s) from thread: AsyncHttpClient-1-7
22:33:25.662 [AsyncHttpClient-1-6] DEBUG io.netty.buffer.PoolThreadCache - Freed 2 thread-local buffer(s) from thread: AsyncHttpClient-1-6
22:33:25.662 [AsyncHttpClient-1-4] DEBUG io.netty.buffer.PoolThreadCache - Freed 3 thread-local buffer(s) from thread: AsyncHttpClient-1-4
22:33:25.662 [AsyncHttpClient-1-9] DEBUG io.netty.buffer.PoolThreadCache - Freed 2 thread-local buffer(s) from thread: AsyncHttpClient-1-9
22:33:25.664 [AsyncHttpClient-1-10] DEBUG io.netty.buffer.PoolThreadCache - Freed 3 thread-local buffer(s) from thread: AsyncHttpClient-1-10
23:24:28.758 [main] DEBUG io.netty.util.internal.logging.InternalLoggerFactory - Using Log4J2 as the default logging framework
23:24:28.777 [main] DEBUG io.netty.util.ResourceLeakDetector - -Dio.netty.leakDetection.level: simple
23:24:28.778 [main] DEBUG io.netty.util.ResourceLeakDetector - -Dio.netty.leakDetection.targetRecords: 4
23:24:28.788 [main] DEBUG io.netty.util.ResourceLeakDetectorFactory - Loaded default ResourceLeakDetector: io.netty.util.ResourceLeakDetector@6f70f32f
23:24:28.841 [main] DEBUG io.netty.util.internal.PlatformDependent - Platform: Windows
23:24:28.845 [main] DEBUG io.netty.util.internal.PlatformDependent0 - -Dio.netty.noUnsafe: false
23:24:28.845 [main] DEBUG io.netty.util.internal.PlatformDependent0 - Java version: 8
23:24:28.848 [main] DEBUG io.netty.util.internal.PlatformDependent0 - sun.misc.Unsafe.theUnsafe: available
23:24:28.849 [main] DEBUG io.netty.util.internal.PlatformDependent0 - sun.misc.Unsafe.copyMemory: available
23:24:28.850 [main] DEBUG io.netty.util.internal.PlatformDependent0 - java.nio.Buffer.address: available
23:24:28.851 [main] DEBUG io.netty.util.internal.PlatformDependent0 - direct buffer constructor: available
23:24:28.853 [main] DEBUG io.netty.util.internal.PlatformDependent0 - java.nio.Bits.unaligned: available, true
23:24:28.853 [main] DEBUG io.netty.util.internal.PlatformDependent0 - jdk.internal.misc.Unsafe.allocateUninitializedArray(int): unavailable prior to Java9
23:24:28.853 [main] DEBUG io.netty.util.internal.PlatformDependent0 - java.nio.DirectByteBuffer.<init>(long, int): available
23:24:28.854 [main] DEBUG io.netty.util.internal.PlatformDependent - sun.misc.Unsafe: available
23:24:28.854 [main] DEBUG io.netty.util.internal.PlatformDependent - -Dio.netty.tmpdir: C:\Users\Shiva\AppData\Local\Temp (java.io.tmpdir)
23:24:28.855 [main] DEBUG io.netty.util.internal.PlatformDependent - -Dio.netty.bitMode: 64 (sun.arch.data.model)
23:24:28.857 [main] DEBUG io.netty.util.internal.PlatformDependent - -Dio.netty.maxDirectMemory: 1875378176 bytes
23:24:28.857 [main] DEBUG io.netty.util.internal.PlatformDependent - -Dio.netty.uninitializedArrayAllocationThreshold: -1
23:24:28.859 [main] DEBUG io.netty.util.internal.CleanerJava6 - java.nio.ByteBuffer.cleaner(): available
23:24:28.859 [main] DEBUG io.netty.util.internal.PlatformDependent - -Dio.netty.noPreferDirect: false
23:24:28.880 [main] DEBUG io.netty.util.internal.PlatformDependent - org.jctools-core.MpscChunkedArrayQueue: available
23:24:28.979 [main] DEBUG io.netty.util.internal.InternalThreadLocalMap - -Dio.netty.threadLocalMap.stringBuilder.initialSize: 1024
23:24:28.980 [main] DEBUG io.netty.util.internal.InternalThreadLocalMap - -Dio.netty.threadLocalMap.stringBuilder.maxSize: 4096
23:24:29.047 [main] DEBUG io.netty.handler.ssl.JdkSslContext - Default protocols (JDK): [TLSv1.2, TLSv1.1, TLSv1] 
23:24:29.048 [main] DEBUG io.netty.handler.ssl.JdkSslContext - Default cipher suites (JDK): [TLS_ECDHE_ECDSA_WITH_AES_256_GCM_SHA384, TLS_ECDHE_ECDSA_WITH_AES_128_GCM_SHA256, TLS_ECDHE_RSA_WITH_AES_128_GCM_SHA256, TLS_ECDHE_RSA_WITH_AES_256_GCM_SHA384, TLS_ECDHE_RSA_WITH_AES_128_CBC_SHA, TLS_ECDHE_RSA_WITH_AES_256_CBC_SHA, TLS_RSA_WITH_AES_128_GCM_SHA256, TLS_RSA_WITH_AES_128_CBC_SHA, TLS_RSA_WITH_AES_256_CBC_SHA]
23:24:29.204 [main] DEBUG io.netty.channel.MultithreadEventLoopGroup - -Dio.netty.eventLoopThreads: 16
23:24:29.255 [main] DEBUG io.netty.channel.nio.NioEventLoop - -Dio.netty.noKeySetOptimization: false
23:24:29.256 [main] DEBUG io.netty.channel.nio.NioEventLoop - -Dio.netty.selectorAutoRebuildThreshold: 512
23:24:29.308 [main] TRACE io.netty.channel.nio.NioEventLoop - instrumented a special java.util.Set into: sun.nio.ch.WindowsSelectorImpl@437e951d
23:24:29.316 [main] TRACE io.netty.channel.nio.NioEventLoop - instrumented a special java.util.Set into: sun.nio.ch.WindowsSelectorImpl@7e8e8651
23:24:29.322 [main] TRACE io.netty.channel.nio.NioEventLoop - instrumented a special java.util.Set into: sun.nio.ch.WindowsSelectorImpl@49ef32e0
23:24:29.328 [main] TRACE io.netty.channel.nio.NioEventLoop - instrumented a special java.util.Set into: sun.nio.ch.WindowsSelectorImpl@271f18d3
23:24:29.333 [main] TRACE io.netty.channel.nio.NioEventLoop - instrumented a special java.util.Set into: sun.nio.ch.WindowsSelectorImpl@6bd51ed8
23:24:29.338 [main] TRACE io.netty.channel.nio.NioEventLoop - instrumented a special java.util.Set into: sun.nio.ch.WindowsSelectorImpl@61e3a1fd
23:24:29.343 [main] TRACE io.netty.channel.nio.NioEventLoop - instrumented a special java.util.Set into: sun.nio.ch.WindowsSelectorImpl@51abf713
23:24:29.348 [main] TRACE io.netty.channel.nio.NioEventLoop - instrumented a special java.util.Set into: sun.nio.ch.WindowsSelectorImpl@eadb475
23:24:29.353 [main] TRACE io.netty.channel.nio.NioEventLoop - instrumented a special java.util.Set into: sun.nio.ch.WindowsSelectorImpl@4d4d48a6
23:24:29.358 [main] TRACE io.netty.channel.nio.NioEventLoop - instrumented a special java.util.Set into: sun.nio.ch.WindowsSelectorImpl@315df4bb
23:24:29.363 [main] TRACE io.netty.channel.nio.NioEventLoop - instrumented a special java.util.Set into: sun.nio.ch.WindowsSelectorImpl@3fc08eec
23:24:29.368 [main] TRACE io.netty.channel.nio.NioEventLoop - instrumented a special java.util.Set into: sun.nio.ch.WindowsSelectorImpl@5cad8b7d
23:24:29.374 [main] TRACE io.netty.channel.nio.NioEventLoop - instrumented a special java.util.Set into: sun.nio.ch.WindowsSelectorImpl@7b02e036
23:24:29.379 [main] TRACE io.netty.channel.nio.NioEventLoop - instrumented a special java.util.Set into: sun.nio.ch.WindowsSelectorImpl@25243bc1
23:24:29.382 [main] TRACE io.netty.channel.nio.NioEventLoop - instrumented a special java.util.Set into: sun.nio.ch.WindowsSelectorImpl@1e287667
23:24:29.386 [main] TRACE io.netty.channel.nio.NioEventLoop - instrumented a special java.util.Set into: sun.nio.ch.WindowsSelectorImpl@2e6ee0bc
23:24:29.450 [main] DEBUG io.netty.buffer.PooledByteBufAllocator - -Dio.netty.allocator.numHeapArenas: 16
23:24:29.450 [main] DEBUG io.netty.buffer.PooledByteBufAllocator - -Dio.netty.allocator.numDirectArenas: 16
23:24:29.450 [main] DEBUG io.netty.buffer.PooledByteBufAllocator - -Dio.netty.allocator.pageSize: 8192
23:24:29.450 [main] DEBUG io.netty.buffer.PooledByteBufAllocator - -Dio.netty.allocator.maxOrder: 11
23:24:29.450 [main] DEBUG io.netty.buffer.PooledByteBufAllocator - -Dio.netty.allocator.chunkSize: 16777216
23:24:29.450 [main] DEBUG io.netty.buffer.PooledByteBufAllocator - -Dio.netty.allocator.smallCacheSize: 256
23:24:29.450 [main] DEBUG io.netty.buffer.PooledByteBufAllocator - -Dio.netty.allocator.normalCacheSize: 64
23:24:29.450 [main] DEBUG io.netty.buffer.PooledByteBufAllocator - -Dio.netty.allocator.maxCachedBufferCapacity: 32768
23:24:29.450 [main] DEBUG io.netty.buffer.PooledByteBufAllocator - -Dio.netty.allocator.cacheTrimInterval: 8192
23:24:29.451 [main] DEBUG io.netty.buffer.PooledByteBufAllocator - -Dio.netty.allocator.cacheTrimIntervalMillis: 0
23:24:29.451 [main] DEBUG io.netty.buffer.PooledByteBufAllocator - -Dio.netty.allocator.useCacheForAllThreads: true
23:24:29.451 [main] DEBUG io.netty.buffer.PooledByteBufAllocator - -Dio.netty.allocator.maxCachedByteBuffersPerChunk: 1023
23:24:29.474 [main] DEBUG io.netty.buffer.ByteBufUtil - -Dio.netty.allocator.type: pooled
23:24:29.475 [main] DEBUG io.netty.buffer.ByteBufUtil - -Dio.netty.threadLocalDirectBufferSize: 0
23:24:29.475 [main] DEBUG io.netty.buffer.ByteBufUtil - -Dio.netty.maxThreadLocalCharBufferSize: 16384
